2025-11-15 12:01:24,222 INFO o.a.j.u.JMeterUtils: Setting Locale to en_EN
2025-11-15 12:01:24,233 INFO o.a.j.JMeter: Loading user properties from: C:\Program Files\Apache\jmeter\apache-jmeter-5.6.3\bin\user.properties
2025-11-15 12:01:24,234 INFO o.a.j.JMeter: Loading system properties from: C:\Program Files\Apache\jmeter\apache-jmeter-5.6.3\bin\system.properties
2025-11-15 12:01:24,238 INFO o.a.j.JMeter: Copyright (c) 1998-2024 The Apache Software Foundation
2025-11-15 12:01:24,238 INFO o.a.j.JMeter: Version 5.6.3
2025-11-15 12:01:24,238 INFO o.a.j.JMeter: java.version=25.0.1
2025-11-15 12:01:24,238 INFO o.a.j.JMeter: java.vm.name=OpenJDK 64-Bit Server VM
2025-11-15 12:01:24,238 INFO o.a.j.JMeter: os.name=Windows 11
2025-11-15 12:01:24,238 INFO o.a.j.JMeter: os.arch=amd64
2025-11-15 12:01:24,238 INFO o.a.j.JMeter: os.version=10.0
2025-11-15 12:01:24,238 INFO o.a.j.JMeter: file.encoding=UTF-8
2025-11-15 12:01:24,238 INFO o.a.j.JMeter: java.awt.headless=null
2025-11-15 12:01:24,238 INFO o.a.j.JMeter: Max memory     =1073741824
2025-11-15 12:01:24,238 INFO o.a.j.JMeter: Available Processors =12
2025-11-15 12:01:24,248 INFO o.a.j.JMeter: Default Locale=English (EN)
2025-11-15 12:01:24,249 INFO o.a.j.JMeter: JMeter  Locale=English (EN)
2025-11-15 12:01:24,249 INFO o.a.j.JMeter: JMeterHome=C:\Program Files\Apache\jmeter\apache-jmeter-5.6.3
2025-11-15 12:01:24,249 INFO o.a.j.JMeter: user.dir  =D:\Users\danie\Documents\Proyectos-Univesidad\Web\integracion-continua
2025-11-15 12:01:24,249 INFO o.a.j.JMeter: PWD       =D:\Users\danie\Documents\Proyectos-Univesidad\Web\integracion-continua
2025-11-15 12:01:24,251 INFO o.a.j.JMeter: IP: 100.73.189.122 Name: Daniel_PC FullName: daniel-pc.tailbb818c.ts.net
2025-11-15 12:01:24,259 INFO o.a.j.JMeter: Loaded icon properties from org/apache/jmeter/images/icon.properties
2025-11-15 12:01:24,367 INFO o.a.j.JMeterGuiLauncher: Setting LAF to: com.github.weisj.darklaf.DarkLaf:com.github.weisj.darklaf.theme.DarculaTheme
